<?xml version="1.0" encoding="UTF-8"?>
<!-- Generated by org.testng.reporters.JUnitXMLReporter -->
<testsuite ignored="0" hostname="DESKTOP-BC9RVA4" failures="0" tests="3" name="Submit Order Test" time="55.506" errors="0" timestamp="2025-12-03T15:08:23 IST">
  <testcase classname="rahulshettyacademy.Tests.StandAloneTest" name="submitOrder" time="6.02"/>
  <testcase classname="rahulshettyacademy.Tests.StandAloneTest" name="submitOrder" time="11.002"/>
  <testcase classname="rahulshettyacademy.Tests.StandAloneTest" name="orderHistoryTest" time="1.247"/>
</testsuite> <!-- Submit Order Test -->
