<?xml version="1.0" encoding="UTF-8"?>
<!-- Generated by org.testng.reporters.JUnitXMLReporter -->
<testsuite ignored="0" hostname="DESKTOP-BC9RVA4" failures="0" tests="3" name="Submit Order Test" time="61.026" errors="0" timestamp="2025-12-04T12:07:34 IST">
  <testcase classname="rahulshettyacademy.Tests.StandAloneTest" name="submitOrder" time="13.548"/>
  <testcase classname="rahulshettyacademy.Tests.StandAloneTest" name="submitOrder" time="10.797"/>
  <testcase classname="rahulshettyacademy.Tests.StandAloneTest" name="orderHistoryTest" time="2.304"/>
</testsuite> <!-- Submit Order Test -->
