<?xml version="1.0" encoding="UTF-8"?>
<testng-results ignored="0" total="5" passed="4" failed="1" skipped="0">
  <reporter-output>
  </reporter-output>
  <suite started-at="2025-12-04T12:06:33 IST" name="Suite" finished-at="2025-12-04T12:07:34 IST" duration-ms="61026">
    <groups>
      <group name="ErrorHandling">
        <method signature="ErrorValidationsTest.LoginErrorValidation()[pri:0, instance:rahulshettyacademy.Tests.ErrorValidationsTest@1b919693]" name="LoginErrorValidation" class="rahulshettyacademy.Tests.ErrorValidationsTest"/>
      </group> <!-- ErrorHandling -->
      <group name="purchase">
        <method signature="StandAloneTest.submitOrder(java.util.HashMap)[pri:0, instance:rahulshettyacademy.Tests.StandAloneTest@61c4eee0]" name="submitOrder" class="rahulshettyacademy.Tests.StandAloneTest"/>
      </group> <!-- purchase -->
    </groups>
    <test started-at="2025-12-04T12:06:33 IST" name="Error Validations Test" finished-at="2025-12-04T12:07:06 IST" duration-ms="33135">
      <class name="rahulshettyacademy.Tests.ErrorValidationsTest">
        <test-method is-config="true" signature="launchApplication()[pri:0, instance:rahulshettyacademy.Tests.ErrorValidationsTest@1b919693]" started-at="2025-12-04T12:06:33 IST" name="launchApplication" finished-at="2025-12-04T12:06:48 IST" duration-ms="15467" status="PASS">
          <reporter-output>
          </reporter-output>
        </test-method> <!-- launchApplication -->
        <test-method signature="LoginErrorValidation()[pri:0, instance:rahulshettyacademy.Tests.ErrorValidationsTest@1b919693]" started-at="2025-12-04T12:06:48 IST" name="LoginErrorValidation" finished-at="2025-12-04T12:06:50 IST" duration-ms="1380" status="FAIL">
          <exception class="java.lang.AssertionError">
            <message>
              <![CDATA[expected [Incorrect email or password.] but found [Incorrect email password.]]]>
            </message>
            <full-stacktrace>
              <![CDATA[java.lang.AssertionError: expected [Incorrect email or password.] but found [Incorrect email password.]
at org.testng.Assert.fail(Assert.java:111)
at org.testng.Assert.failNotEquals(Assert.java:1590)
at org.testng.Assert.assertEqualsImpl(Assert.java:150)
at org.testng.Assert.assertEquals(Assert.java:132)
at org.testng.Assert.assertEquals(Assert.java:656)
at org.testng.Assert.assertEquals(Assert.java:666)
at rahulshettyacademy.Tests.ErrorValidationsTest.LoginErrorValidation(ErrorValidationsTest.java:25)
at java.base/jdk.internal.reflect.NativeMethodAccessorImpl.invoke0(Native Method)
at java.base/jdk.internal.reflect.NativeMethodAccessorImpl.invoke(NativeMethodAccessorImpl.java:77)
at java.base/jdk.internal.reflect.DelegatingMethodAccessorImpl.invoke(DelegatingMethodAccessorImpl.java:43)
at java.base/java.lang.reflect.Method.invoke(Method.java:568)
at org.testng.internal.invokers.MethodInvocationHelper.invokeMethod(MethodInvocationHelper.java:141)
at org.testng.internal.invokers.TestInvoker.invokeMethod(TestInvoker.java:687)
at org.testng.internal.invokers.TestInvoker.invokeTestMethod(TestInvoker.java:230)
at org.testng.internal.invokers.MethodRunner.runInSequence(MethodRunner.java:63)
at org.testng.internal.invokers.TestInvoker$MethodInvocationAgent.invoke(TestInvoker.java:995)
at org.testng.internal.invokers.TestInvoker.invokeTestMethods(TestInvoker.java:203)
at org.testng.internal.invokers.TestMethodWorker.invokeTestMethods(TestMethodWorker.java:154)
at org.testng.internal.invokers.TestMethodWorker.run(TestMethodWorker.java:134)
at java.base/java.util.ArrayList.forEach(ArrayList.java:1511)
at org.testng.TestRunner.privateRun(TestRunner.java:741)
at org.testng.TestRunner.run(TestRunner.java:616)
at org.testng.SuiteRunner.runTest(SuiteRunner.java:421)
at org.testng.SuiteRunner$SuiteWorker.run(SuiteRunner.java:463)
at org.testng.internal.thread.ThreadUtil.lambda$execute$0(ThreadUtil.java:64)
at java.base/java.util.concurrent.FutureTask.run(FutureTask.java:264)
at java.base/java.util.concurrent.ThreadPoolExecutor.runWorker(ThreadPoolExecutor.java:1136)
at java.base/java.util.concurrent.ThreadPoolExecutor$Worker.run(ThreadPoolExecutor.java:635)
at java.base/java.lang.Thread.run(Thread.java:842)
]]>
            </full-stacktrace>
          </exception> <!-- java.lang.AssertionError -->
          <reporter-output>
          </reporter-output>
        </test-method> <!-- LoginErrorValidation -->
        <test-method is-config="true" signature="tearDown()[pri:0, instance:rahulshettyacademy.Tests.ErrorValidationsTest@1b919693]" started-at="2025-12-04T12:06:50 IST" name="tearDown" finished-at="2025-12-04T12:06:52 IST" duration-ms="1329" status="PASS">
          <reporter-output>
          </reporter-output>
        </test-method> <!-- tearDown -->
        <test-method is-config="true" signature="launchApplication()[pri:0, instance:rahulshettyacademy.Tests.ErrorValidationsTest@1b919693]" started-at="2025-12-04T12:06:52 IST" name="launchApplication" finished-at="2025-12-04T12:06:57 IST" duration-ms="5036" status="PASS">
          <reporter-output>
          </reporter-output>
        </test-method> <!-- launchApplication -->
        <test-method signature="ProductErrorValidation()[pri:0, instance:rahulshettyacademy.Tests.ErrorValidationsTest@1b919693]" started-at="2025-12-04T12:06:57 IST" name="ProductErrorValidation" finished-at="2025-12-04T12:07:06 IST" duration-ms="9169" status="PASS">
          <reporter-output>
          </reporter-output>
        </test-method> <!-- ProductErrorValidation -->
        <test-method is-config="true" signature="tearDown()[pri:0, instance:rahulshettyacademy.Tests.ErrorValidationsTest@1b919693]" started-at="2025-12-04T12:07:06 IST" name="tearDown" finished-at="2025-12-04T12:07:06 IST" duration-ms="143" status="PASS">
          <reporter-output>
          </reporter-output>
        </test-method> <!-- tearDown -->
      </class> <!-- rahulshettyacademy.Tests.ErrorValidationsTest -->
    </test> <!-- Error Validations Test -->
    <test started-at="2025-12-04T12:06:33 IST" name="Submit Order Test" finished-at="2025-12-04T12:07:34 IST" duration-ms="61026">
      <class name="rahulshettyacademy.Tests.StandAloneTest">
        <test-method is-config="true" signature="launchApplication()[pri:0, instance:rahulshettyacademy.Tests.StandAloneTest@61c4eee0]" started-at="2025-12-04T12:06:34 IST" name="launchApplication" finished-at="2025-12-04T12:06:39 IST" duration-ms="5379" status="PASS">
          <reporter-output>
          </reporter-output>
        </test-method> <!-- launchApplication -->
        <test-method signature="submitOrder(java.util.HashMap)[pri:0, instance:rahulshettyacademy.Tests.StandAloneTest@61c4eee0]" started-at="2025-12-04T12:06:39 IST" name="submitOrder" data-provider="getData" finished-at="2025-12-04T12:06:53 IST" duration-ms="13548" status="PASS">
          <params>
            <param index="0">
              <value>
                <![CDATA[{password=Reddy@123, product=ZARA COAT 3, email=reddy12@gmail.com}]]>
              </value>
            </param>
          </params>
          <reporter-output>
          </reporter-output>
        </test-method> <!-- submitOrder -->
        <test-method is-config="true" signature="tearDown()[pri:0, instance:rahulshettyacademy.Tests.StandAloneTest@61c4eee0]" started-at="2025-12-04T12:06:53 IST" name="tearDown" finished-at="2025-12-04T12:06:53 IST" duration-ms="860" status="PASS">
          <reporter-output>
          </reporter-output>
        </test-method> <!-- tearDown -->
        <test-method is-config="true" signature="launchApplication()[pri:0, instance:rahulshettyacademy.Tests.StandAloneTest@61c4eee0]" started-at="2025-12-04T12:06:53 IST" name="launchApplication" finished-at="2025-12-04T12:07:18 IST" duration-ms="24133" status="PASS">
          <reporter-output>
          </reporter-output>
        </test-method> <!-- launchApplication -->
        <test-method signature="submitOrder(java.util.HashMap)[pri:0, instance:rahulshettyacademy.Tests.StandAloneTest@61c4eee0]" started-at="2025-12-04T12:07:18 IST" name="submitOrder" data-provider="getData" finished-at="2025-12-04T12:07:28 IST" duration-ms="10797" status="PASS">
          <params>
            <param index="0">
              <value>
                <![CDATA[{password=Reddy@123, product=ADIDAS ORIGINAL, email=reddy78@gmail.com}]]>
              </value>
            </param>
          </params>
          <reporter-output>
          </reporter-output>
        </test-method> <!-- submitOrder -->
        <test-method is-config="true" signature="tearDown()[pri:0, instance:rahulshettyacademy.Tests.StandAloneTest@61c4eee0]" started-at="2025-12-04T12:07:28 IST" name="tearDown" finished-at="2025-12-04T12:07:29 IST" duration-ms="137" status="PASS">
          <reporter-output>
          </reporter-output>
        </test-method> <!-- tearDown -->
        <test-method is-config="true" signature="launchApplication()[pri:0, instance:rahulshettyacademy.Tests.StandAloneTest@61c4eee0]" started-at="2025-12-04T12:07:29 IST" name="launchApplication" finished-at="2025-12-04T12:07:32 IST" duration-ms="3024" status="PASS">
          <reporter-output>
          </reporter-output>
        </test-method> <!-- launchApplication -->
        <test-method signature="orderHistoryTest()[pri:0, instance:rahulshettyacademy.Tests.StandAloneTest@61c4eee0]" started-at="2025-12-04T12:07:32 IST" name="orderHistoryTest" finished-at="2025-12-04T12:07:34 IST" depends-on-methods="rahulshettyacademy.Tests.StandAloneTest.submitOrder" duration-ms="2304" status="PASS">
          <reporter-output>
          </reporter-output>
        </test-method> <!-- orderHistoryTest -->
        <test-method is-config="true" signature="tearDown()[pri:0, instance:rahulshettyacademy.Tests.StandAloneTest@61c4eee0]" started-at="2025-12-04T12:07:34 IST" name="tearDown" finished-at="2025-12-04T12:07:34 IST" duration-ms="95" status="PASS">
          <reporter-output>
          </reporter-output>
        </test-method> <!-- tearDown -->
      </class> <!-- rahulshettyacademy.Tests.StandAloneTest -->
    </test> <!-- Submit Order Test -->
  </suite> <!-- Suite -->
</testng-results>
