<?xml version="1.0" encoding="UTF-8"?>
<!-- Generated by org.testng.reporters.JUnitReportReporter -->
<testsuite hostname="DESKTOP-BC9RVA4" failures="0" tests="3" name="rahulshettyacademy.Tests.StandAloneTest" time="54.896" errors="0" timestamp="2025-12-03T15:08:24 IST" skipped="0">
  <testcase classname="rahulshettyacademy.Tests.StandAloneTest" name="orderHistoryTest" time="4.167"/>
  <testcase classname="rahulshettyacademy.Tests.StandAloneTest" name="submitOrder" time="13.521"/>
  <testcase classname="rahulshettyacademy.Tests.StandAloneTest" name="submitOrder" time="37.208"/>
</testsuite> <!-- rahulshettyacademy.Tests.StandAloneTest -->
