<?xml version="1.0" encoding="UTF-8"?>
<!-- Generated by org.testng.reporters.JUnitReportReporter -->
<testsuite hostname="DESKTOP-BC9RVA4" failures="0" tests="3" name="rahulshettyacademy.Tests.StandAloneTest" time="60.277" errors="0" timestamp="2025-12-04T12:07:34 IST" skipped="0">
  <testcase classname="rahulshettyacademy.Tests.StandAloneTest" name="orderHistoryTest" time="26.532"/>
  <testcase classname="rahulshettyacademy.Tests.StandAloneTest" name="submitOrder" time="17.432"/>
  <testcase classname="rahulshettyacademy.Tests.StandAloneTest" name="submitOrder" time="16.313"/>
</testsuite> <!-- rahulshettyacademy.Tests.StandAloneTest -->
